10000 0 780.773
10000 25 793.837
10000 50 792.012
10000 75 794.744
10000 95 815.993
10000 99 872.958
10000 99.7 815.623
10000 100 -nan
50000 0 4399.32
50000 25 4384.02
50000 50 4482.63
50000 75 4269.8
50000 95 4693.92
50000 99 4282.92
50000 99.7 4209.31
50000 100 -nan
100000 0 9924.14
100000 25 9547.69
100000 50 8901.65
100000 75 9140
100000 95 12242.5
100000 99 14223.9
100000 99.7 11263.1
100000 100 -nan
500000 0 -nan
500000 25 -nan
500000 50 -nan
500000 75 -nan
500000 95 -nan
500000 99 -nan
500000 99.7 -nan
500000 100 -nan
1000000 0 -nan
1000000 25 -nan
1000000 50 -nan
1000000 75 -nan
1000000 95 -nan
1000000 99 -nan
1000000 99.7 -nan
1000000 100 -nan
